Arguments: 
  /usr/bin/node /home/fatkamam/.npm-global/bin/yarn add express

PATH: 
  /usr/local/sbin:/usr/local/bin:/usr/sbin:/usr/bin:/sbin:/bin:/usr/games:/usr/local/games:/snap/bin:/home/fatkamam/.npm-global/bin:/home/fatkamam/Android/Sdk/tools:/home/fatkamam/Android/Sdk/platform-tools:/home/fatkamam/.npm-global/bin:/home/fatkamam/Android/Sdk/tools:/home/fatkamam/Android/Sdk/platform-tools

Yarn version: 
  1.22.10

Node version: 
  12.20.1

Platform: 
  linux x64

Trace: 
  Error: getaddrinfo EAI_AGAIN registry.yarnpkg.com
      at GetAddrInfoReqWrap.onlookup [as oncomplete] (dns.js:66:26)

npm manifest: 
  {
    "name": "backend",
    "version": "1.0.0",
    "description": "javascript, node, express, sequelize",
    "main": "index.js",
    "scripts": {
      "test": "echo \"Error: no test specified\" && exit 1"
    },
    "author": "habdiNdalem",
    "license": "ISC"
  }

yarn manifest: 
  No manifest

Lockfile: 
  No lockfile
